TN:
SF:src/exercicios/exercicio-10.vue
FN:1,(anonymous_4)
FNF:1
FNH:0
FNDA:0,(anonymous_4)
DA:1,0
DA:32,0
LF:2
LH:0
BRDA:1,0,0,0
BRDA:1,1,0,0
BRDA:1,1,1,0
BRF:3
BRH:0
end_of_record
TN:
SF:src/exercicios/exercicio-5.vue
FN:1,(anonymous_1)
FNF:1
FNH:0
FNDA:0,(anonymous_1)
DA:1,0
DA:4,0
LF:2
LH:0
BRF:0
BRH:0
end_of_record
TN:
SF:src/exercicios/exercicio-6.js
FN:1,(anonymous_0)
FNF:1
FNH:0
FNDA:0,(anonymous_0)
DA:1,0
DA:2,0
DA:3,0
DA:6,0
LF:4
LH:0
BRDA:2,0,0,0
BRDA:2,0,1,0
BRDA:2,1,0,0
BRDA:2,1,1,0
BRF:4
BRH:0
end_of_record
TN:
SF:src/exercicios/exercicio-7.js
FN:5,(anonymous_0)
FN:16,(anonymous_1)
FNF:2
FNH:0
FNDA:0,(anonymous_0)
FNDA:0,(anonymous_1)
DA:5,0
DA:6,0
DA:7,0
DA:10,0
DA:11,0
DA:14,0
DA:16,0
LF:7
LH:0
BRDA:6,0,0,0
BRDA:6,0,1,0
BRDA:10,1,0,0
BRDA:10,1,1,0
BRF:4
BRH:0
end_of_record
TN:
SF:src/exercicios/exercicio-8.vue
FN:1,(anonymous_3)
FNF:1
FNH:0
FNDA:0,(anonymous_3)
DA:1,0
DA:10,0
LF:2
LH:0
BRF:0
BRH:0
end_of_record
TN:
SF:src/exercicios/exercicio-9.vue
FN:1,(anonymous_0)
FNF:1
FNH:0
FNDA:0,(anonymous_0)
DA:1,0
DA:8,0
LF:2
LH:0
BRDA:1,0,0,0
BRDA:1,0,1,0
BRF:2
BRH:0
end_of_record
TN:
SF:src/exercicios/exercicio-exemplo.js
FN:1,(anonymous_0)
FNF:1
FNH:1
FNDA:5,(anonymous_0)
DA:1,1
DA:2,5
DA:3,1
DA:6,4
LF:4
LH:4
BRDA:2,0,0,1
BRDA:2,0,1,4
BRDA:2,1,0,5
BRDA:2,1,1,4
BRF:4
BRH:4
end_of_record
TN:
SF:src/exercicios/exercicio-exemplo.vue
FN:1,(anonymous_2)
FNF:1
FNH:1
FNDA:10,(anonymous_2)
DA:1,28
DA:27,1
LF:2
LH:2
BRDA:1,0,0,15
BRDA:1,0,1,14
BRDA:1,1,0,0
BRF:3
BRH:2
end_of_record
